This is pdfTeX, Version 3.14159265-2.6-1.40.21 (TeX Live 2020) (preloaded format=pdflatex 2020.10.8)  20 APR 2021 08:47
entering extended mode
 restricted \write18 enabled.
 file:line:error style messages enabled.
 %&-line parsing enabled.
**Report.ltx
(./Report.ltx
LaTeX2e <2020-02-02> patch level 5
L3 programming layer <2020-03-06>
(/usr/local/texlive/2020/texmf-dist/tex/latex/base/report.cls
Document Class: report 2019/12/20 v1.4l Standard LaTeX document class
(/usr/local/texlive/2020/texmf-dist/tex/latex/base/size11.clo
File: size11.clo 2019/12/20 v1.4l Standard LaTeX file (size option)
)
\c@part=\count167
\c@chapter=\count168
\c@section=\count169
\c@subsection=\count170
\c@subsubsection=\count171
\c@paragraph=\count172
\c@subparagraph=\count173
\c@figure=\count174
\c@table=\count175
\abovecaptionskip=\skip47
\belowcaptionskip=\skip48
\bibindent=\dimen134
)
(/usr/local/texlive/2020/texmf-dist/tex/latex/graphics/color.sty
Package: color 2019/11/23 v1.2a Standard LaTeX Color (DPC)

(/usr/local/texlive/2020/texmf-dist/tex/latex/graphics-cfg/color.cfg
File: color.cfg 2016/01/02 v1.6 sample color configuration
)
Package color Info: Driver file: pdftex.def on input line 147.

(/usr/local/texlive/2020/texmf-dist/tex/latex/graphics-def/pdftex.def
File: pdftex.def 2018/01/08 v1.0l Graphics/color driver for pdftex
))
(/usr/local/texlive/2020/texmf-dist/tex/latex/pdfpages/pdfpages.sty
Package: pdfpages 2020/01/28 v0.5q Insert pages of external PDF documents (AM)

(/usr/local/texlive/2020/texmf-dist/tex/latex/base/ifthen.sty
Package: ifthen 2014/09/29 v1.1c Standard LaTeX ifthen package (DPC)
)
(/usr/local/texlive/2020/texmf-dist/tex/latex/tools/calc.sty
Package: calc 2017/05/25 v4.3 Infix arithmetic (KKT,FJ)
\calc@Acount=\count176
\calc@Bcount=\count177
\calc@Adimen=\dimen135
\calc@Bdimen=\dimen136
\calc@Askip=\skip49
\calc@Bskip=\skip50
LaTeX Info: Redefining \setlength on input line 80.
LaTeX Info: Redefining \addtolength on input line 81.
\calc@Ccount=\count178
\calc@Cskip=\skip51
)
(/usr/local/texlive/2020/texmf-dist/tex/latex/eso-pic/eso-pic.sty
Package: eso-pic 2018/04/12 v2.0h eso-pic (RN)

(/usr/local/texlive/2020/texmf-dist/tex/generic/atbegshi/atbegshi.sty
Package: atbegshi 2019/12/05 v1.19 At begin shipout hook (HO)

(/usr/local/texlive/2020/texmf-dist/tex/generic/infwarerr/infwarerr.sty
Package: infwarerr 2019/12/03 v1.5 Providing info/warning/error messages (HO)
)
(/usr/local/texlive/2020/texmf-dist/tex/generic/ltxcmds/ltxcmds.sty
Package: ltxcmds 2019/12/15 v1.24 LaTeX kernel commands for general use (HO)
)
(/usr/local/texlive/2020/texmf-dist/tex/generic/iftex/iftex.sty
Package: iftex 2020/03/06 v1.0d TeX engine tests
))
(/usr/local/texlive/2020/texmf-dist/tex/latex/graphics/keyval.sty
Package: keyval 2014/10/28 v1.15 key=value parser (DPC)
\KV@toks@=\toks15
))
(/usr/local/texlive/2020/texmf-dist/tex/latex/graphics/graphicx.sty
Package: graphicx 2019/11/30 v1.2a Enhanced LaTeX Graphics (DPC,SPQR)

(/usr/local/texlive/2020/texmf-dist/tex/latex/graphics/graphics.sty
Package: graphics 2019/11/30 v1.4a Standard LaTeX Graphics (DPC,SPQR)

(/usr/local/texlive/2020/texmf-dist/tex/latex/graphics/trig.sty
Package: trig 2016/01/03 v1.10 sin cos tan (DPC)
)
(/usr/local/texlive/2020/texmf-dist/tex/latex/graphics-cfg/graphics.cfg
File: graphics.cfg 2016/06/04 v1.11 sample graphics configuration
)
Package graphics Info: Driver file: pdftex.def on input line 105.
)
\Gin@req@height=\dimen137
\Gin@req@width=\dimen138
)
\AM@pagewidth=\dimen139
\AM@pageheight=\dimen140

(/usr/local/texlive/2020/texmf-dist/tex/latex/pdfpages/pppdftex.def
File: pppdftex.def 2020/01/28 v0.5q Pdfpages driver for pdfTeX (AM)
)
\AM@pagebox=\box45
\AM@global@opts=\toks16
\AM@pagecnt=\count179
\AM@toc@title=\toks17
\c@AM@survey=\count180
\AM@templatesizebox=\box46
)
(/usr/local/texlive/2020/texmf-dist/tex/latex/caption/subcaption.sty
Package: subcaption 2020/01/22 v1.3d Sub-captions (AR)

(/usr/local/texlive/2020/texmf-dist/tex/latex/caption/caption.sty
Package: caption 2020/01/03 v3.4h Customizing captions (AR)

(/usr/local/texlive/2020/texmf-dist/tex/latex/caption/caption3.sty
Package: caption3 2020/01/03 v1.8h caption3 kernel (AR)
Package caption3 Info: TeX engine: e-TeX on input line 61.
\captionmargin=\dimen141
\captionmargin@=\dimen142
\captionwidth=\dimen143
\caption@tempdima=\dimen144
\caption@indent=\dimen145
\caption@parindent=\dimen146
\caption@hangindent=\dimen147
Package caption Info: Standard document class detected.
)
\c@caption@flags=\count181
\c@continuedfloat=\count182
)
\c@subfigure=\count183
\c@subtable=\count184
)
(/usr/local/texlive/2020/texmf-dist/tex/latex/wrapfig/wrapfig.sty
\wrapoverhang=\dimen148
\WF@size=\dimen149
\c@WF@wrappedlines=\count185
\WF@box=\box47
\WF@everypar=\toks18
Package: wrapfig 2003/01/31  v 3.6
)
(/usr/local/texlive/2020/texmf-dist/tex/latex/adjustbox/adjustbox.sty
Package: adjustbox 2019/01/04 v1.2 Adjusting TeX boxes (trim, clip, ...)

(/usr/local/texlive/2020/texmf-dist/tex/latex/xkeyval/xkeyval.sty
Package: xkeyval 2014/12/03 v2.7a package option processing (HA)

(/usr/local/texlive/2020/texmf-dist/tex/generic/xkeyval/xkeyval.tex
(/usr/local/texlive/2020/texmf-dist/tex/generic/xkeyval/xkvutils.tex
\XKV@toks=\toks19
\XKV@tempa@toks=\toks20
)
\XKV@depth=\count186
File: xkeyval.tex 2014/12/03 v2.7a key=value parser (HA)
))
(/usr/local/texlive/2020/texmf-dist/tex/latex/adjustbox/adjcalc.sty
Package: adjcalc 2012/05/16 v1.1 Provides advanced setlength with multiple back
-ends (calc, etex, pgfmath)
)
(/usr/local/texlive/2020/texmf-dist/tex/latex/adjustbox/trimclip.sty
Package: trimclip 2018/04/08 v1.1 Trim and clip general TeX material

(/usr/local/texlive/2020/texmf-dist/tex/latex/collectbox/collectbox.sty
Package: collectbox 2012/05/17 v0.4b Collect macro arguments as boxes
\collectedbox=\box48
)
\tc@llx=\dimen150
\tc@lly=\dimen151
\tc@urx=\dimen152
\tc@ury=\dimen153
Package trimclip Info: Using driver 'tc-pdftex.def'.

(/usr/local/texlive/2020/texmf-dist/tex/latex/adjustbox/tc-pdftex.def
File: tc-pdftex.def 2019/01/04 v2.2 Clipping driver for pdftex
))
\adjbox@Width=\dimen154
\adjbox@Height=\dimen155
\adjbox@Depth=\dimen156
\adjbox@Totalheight=\dimen157
\adjbox@pwidth=\dimen158
\adjbox@pheight=\dimen159
\adjbox@pdepth=\dimen160
\adjbox@ptotalheight=\dimen161

(/usr/local/texlive/2020/texmf-dist/tex/latex/ifoddpage/ifoddpage.sty
Package: ifoddpage 2016/04/23 v1.1 Conditionals for odd/even page detection
\c@checkoddpage=\count187
)
(/usr/local/texlive/2020/texmf-dist/tex/latex/varwidth/varwidth.sty
Package: varwidth 2009/03/30 ver 0.92;  Variable-width minipages
\@vwid@box=\box49
\sift@deathcycles=\count188
\@vwid@loff=\dimen162
\@vwid@roff=\dimen163
))
(/usr/local/texlive/2020/texmf-dist/tex/latex/geometry/geometry.sty
Package: geometry 2020/01/02 v5.9 Page Geometry

(/usr/local/texlive/2020/texmf-dist/tex/generic/iftex/ifvtex.sty
Package: ifvtex 2019/10/25 v1.7 ifvtex legacy package. Use iftex instead.
)
\Gm@cnth=\count189
\Gm@cntv=\count190
\c@Gm@tempcnt=\count191
\Gm@bindingoffset=\dimen164
\Gm@wd@mp=\dimen165
\Gm@odd@mp=\dimen166
\Gm@even@mp=\dimen167
\Gm@layoutwidth=\dimen168
\Gm@layoutheight=\dimen169
\Gm@layouthoffset=\dimen170
\Gm@layoutvoffset=\dimen171
\Gm@dimlist=\toks21
)
(/usr/local/texlive/2020/texmf-dist/tex/latex/setspace/setspace.sty
Package: setspace 2011/12/19 v6.7a set line spacing
)
(/usr/local/texlive/2020/texmf-dist/tex/latex/amsmath/amsmath.sty
Package: amsmath 2020/01/20 v2.17e AMS math features
\@mathmargin=\skip52

For additional information on amsmath, use the `?' option.
(/usr/local/texlive/2020/texmf-dist/tex/latex/amsmath/amstext.sty
Package: amstext 2000/06/29 v2.01 AMS text

(/usr/local/texlive/2020/texmf-dist/tex/latex/amsmath/amsgen.sty
File: amsgen.sty 1999/11/30 v2.0 generic functions
\@emptytoks=\toks22
\ex@=\dimen172
))
(/usr/local/texlive/2020/texmf-dist/tex/latex/amsmath/amsbsy.sty
Package: amsbsy 1999/11/29 v1.2d Bold Symbols
\pmbraise@=\dimen173
)
(/usr/local/texlive/2020/texmf-dist/tex/latex/amsmath/amsopn.sty
Package: amsopn 2016/03/08 v2.02 operator names
)
\inf@bad=\count192
LaTeX Info: Redefining \frac on input line 227.
\uproot@=\count193
\leftroot@=\count194
LaTeX Info: Redefining \overline on input line 389.
\classnum@=\count195
\DOTSCASE@=\count196
LaTeX Info: Redefining \ldots on input line 486.
LaTeX Info: Redefining \dots on input line 489.
LaTeX Info: Redefining \cdots on input line 610.
\Mathstrutbox@=\box50
\strutbox@=\box51
\big@size=\dimen174
LaTeX Font Info:    Redeclaring font encoding OML on input line 733.
LaTeX Font Info:    Redeclaring font encoding OMS on input line 734.
\macc@depth=\count197
\c@MaxMatrixCols=\count198
\dotsspace@=\muskip16
\c@parentequation=\count199
\dspbrk@lvl=\count266
\tag@help=\toks23
\row@=\count267
\column@=\count268
\maxfields@=\count269
\andhelp@=\toks24
\eqnshift@=\dimen175
\alignsep@=\dimen176
\tagshift@=\dimen177
\tagwidth@=\dimen178
\totwidth@=\dimen179
\lineht@=\dimen180
\@envbody=\toks25
\multlinegap=\skip53
\multlinetaggap=\skip54
\mathdisplay@stack=\toks26
LaTeX Info: Redefining \[ on input line 2859.
LaTeX Info: Redefining \] on input line 2860.
)
(/usr/local/texlive/2020/texmf-dist/tex/latex/textgreek/textgreek.sty
Package: textgreek 2011/10/09 v0.7 Greek symbols in text
Package textgreek Info: Loading the definitions for the Greek fontencoding. on 
input line 39.

(/usr/local/texlive/2020/texmf-dist/tex/latex/greek-fontenc/lgrenc.def
File: lgrenc.def 2019/07/09 v0.13.3 LGR Greek font encoding definitions
Now handling font encoding LGR ...
... processing UTF-8 mapping file for font encoding LGR

(/usr/local/texlive/2020/texmf-dist/tex/latex/greek-inputenc/lgrenc.dfu
File: lgrenc.dfu 2019/07/11 1.7 UTF-8 support for Greek
   defining Unicode char U+00A8 (decimal 168)
   defining Unicode char U+00AB (decimal 171)
   defining Unicode char U+00AF (decimal 175)
   defining Unicode char U+00B4 (decimal 180)
   defining Unicode char U+00B7 (decimal 183)
   defining Unicode char U+00BB (decimal 187)
   defining Unicode char U+0259 (decimal 601)
   defining Unicode char U+02D8 (decimal 728)
   defining Unicode char U+0374 (decimal 884)
   defining Unicode char U+0375 (decimal 885)
   defining Unicode char U+037A (decimal 890)
   defining Unicode char U+037E (decimal 894)
   defining Unicode char U+0384 (decimal 900)
   defining Unicode char U+0385 (decimal 901)
   defining Unicode char U+0386 (decimal 902)
   defining Unicode char U+0387 (decimal 903)
   defining Unicode char U+0388 (decimal 904)
   defining Unicode char U+0389 (decimal 905)
   defining Unicode char U+038A (decimal 906)
   defining Unicode char U+038C (decimal 908)
   defining Unicode char U+038E (decimal 910)
   defining Unicode char U+038F (decimal 911)
   defining Unicode char U+0390 (decimal 912)
   defining Unicode char U+0391 (decimal 913)
   defining Unicode char U+0392 (decimal 914)
   defining Unicode char U+0393 (decimal 915)
   defining Unicode char U+0394 (decimal 916)
   defining Unicode char U+0395 (decimal 917)
   defining Unicode char U+0396 (decimal 918)
   defining Unicode char U+0397 (decimal 919)
   defining Unicode char U+0398 (decimal 920)
   defining Unicode char U+0399 (decimal 921)
   defining Unicode char U+039A (decimal 922)
   defining Unicode char U+039B (decimal 923)
   defining Unicode char U+039C (decimal 924)
   defining Unicode char U+039D (decimal 925)
   defining Unicode char U+039E (decimal 926)
   defining Unicode char U+039F (decimal 927)
   defining Unicode char U+03A0 (decimal 928)
   defining Unicode char U+03A1 (decimal 929)
   defining Unicode char U+03A3 (decimal 931)
   defining Unicode char U+03A4 (decimal 932)
   defining Unicode char U+03A5 (decimal 933)
   defining Unicode char U+03A6 (decimal 934)
   defining Unicode char U+03A7 (decimal 935)
   defining Unicode char U+03A8 (decimal 936)
   defining Unicode char U+03A9 (decimal 937)
   defining Unicode char U+03AA (decimal 938)
   defining Unicode char U+03AB (decimal 939)
   defining Unicode char U+03AC (decimal 940)
   defining Unicode char U+03AD (decimal 941)
   defining Unicode char U+03AE (decimal 942)
   defining Unicode char U+03AF (decimal 943)
   defining Unicode char U+03B0 (decimal 944)
   defining Unicode char U+03B1 (decimal 945)
   defining Unicode char U+03B2 (decimal 946)
   defining Unicode char U+03B3 (decimal 947)
   defining Unicode char U+03B4 (decimal 948)
   defining Unicode char U+03B5 (decimal 949)
   defining Unicode char U+03B6 (decimal 950)
   defining Unicode char U+03B7 (decimal 951)
   defining Unicode char U+03B8 (decimal 952)
   defining Unicode char U+03B9 (decimal 953)
   defining Unicode char U+03BA (decimal 954)
   defining Unicode char U+03BB (decimal 955)
   defining Unicode char U+03BC (decimal 956)
   defining Unicode char U+03BD (decimal 957)
   defining Unicode char U+03BE (decimal 958)
   defining Unicode char U+03BF (decimal 959)
   defining Unicode char U+03C0 (decimal 960)
   defining Unicode char U+03C1 (decimal 961)
   defining Unicode char U+03C2 (decimal 962)
   defining Unicode char U+03C3 (decimal 963)
   defining Unicode char U+03C4 (decimal 964)
   defining Unicode char U+03C5 (decimal 965)
   defining Unicode char U+03C6 (decimal 966)
   defining Unicode char U+03C7 (decimal 967)
   defining Unicode char U+03C8 (decimal 968)
   defining Unicode char U+03C9 (decimal 969)
   defining Unicode char U+03CA (decimal 970)
   defining Unicode char U+03CB (decimal 971)
   defining Unicode char U+03CC (decimal 972)
   defining Unicode char U+03CD (decimal 973)
   defining Unicode char U+03CE (decimal 974)
   defining Unicode char U+03D0 (decimal 976)
   defining Unicode char U+03D1 (decimal 977)
   defining Unicode char U+03D5 (decimal 981)
   defining Unicode char U+03D6 (decimal 982)
   defining Unicode char U+03D8 (decimal 984)
   defining Unicode char U+03D9 (decimal 985)
   defining Unicode char U+03DA (decimal 986)
   defining Unicode char U+03DB (decimal 987)
   defining Unicode char U+03DC (decimal 988)
   defining Unicode char U+03DD (decimal 989)
   defining Unicode char U+03DF (decimal 991)
   defining Unicode char U+03E0 (decimal 992)
   defining Unicode char U+03E1 (decimal 993)
   defining Unicode char U+03F0 (decimal 1008)
   defining Unicode char U+03F1 (decimal 1009)
   defining Unicode char U+03F4 (decimal 1012)
   defining Unicode char U+03F5 (decimal 1013)
   defining Unicode char U+1F00 (decimal 7936)
   defining Unicode char U+1F01 (decimal 7937)
   defining Unicode char U+1F02 (decimal 7938)
   defining Unicode char U+1F03 (decimal 7939)
   defining Unicode char U+1F04 (decimal 7940)
   defining Unicode char U+1F05 (decimal 7941)
   defining Unicode char U+1F06 (decimal 7942)
   defining Unicode char U+1F07 (decimal 7943)
   defining Unicode char U+1F08 (decimal 7944)
   defining Unicode char U+1F09 (decimal 7945)
   defining Unicode char U+1F0A (decimal 7946)
   defining Unicode char U+1F0B (decimal 7947)
   defining Unicode char U+1F0C (decimal 7948)
   defining Unicode char U+1F0D (decimal 7949)
   defining Unicode char U+1F0E (decimal 7950)
   defining Unicode char U+1F0F (decimal 7951)
   defining Unicode char U+1F10 (decimal 7952)
   defining Unicode char U+1F11 (decimal 7953)
   defining Unicode char U+1F12 (decimal 7954)
   defining Unicode char U+1F13 (decimal 7955)
   defining Unicode char U+1F14 (decimal 7956)
   defining Unicode char U+1F15 (decimal 7957)
   defining Unicode char U+1F18 (decimal 7960)
   defining Unicode char U+1F19 (decimal 7961)
   defining Unicode char U+1F1A (decimal 7962)
   defining Unicode char U+1F1B (decimal 7963)
   defining Unicode char U+1F1C (decimal 7964)
   defining Unicode char U+1F1D (decimal 7965)
   defining Unicode char U+1F20 (decimal 7968)
   defining Unicode char U+1F21 (decimal 7969)
   defining Unicode char U+1F22 (decimal 7970)
   defining Unicode char U+1F23 (decimal 7971)
   defining Unicode char U+1F24 (decimal 7972)
   defining Unicode char U+1F25 (decimal 7973)
   defining Unicode char U+1F26 (decimal 7974)
   defining Unicode char U+1F27 (decimal 7975)
   defining Unicode char U+1F28 (decimal 7976)
   defining Unicode char U+1F29 (decimal 7977)
   defining Unicode char U+1F2A (decimal 7978)
   defining Unicode char U+1F2B (decimal 7979)
   defining Unicode char U+1F2C (decimal 7980)
   defining Unicode char U+1F2D (decimal 7981)
   defining Unicode char U+1F2E (decimal 7982)
   defining Unicode char U+1F2F (decimal 7983)
   defining Unicode char U+1F30 (decimal 7984)
   defining Unicode char U+1F31 (decimal 7985)
   defining Unicode char U+1F32 (decimal 7986)
   defining Unicode char U+1F33 (decimal 7987)
   defining Unicode char U+1F34 (decimal 7988)
   defining Unicode char U+1F35 (decimal 7989)
   defining Unicode char U+1F36 (decimal 7990)
   defining Unicode char U+1F37 (decimal 7991)
   defining Unicode char U+1F38 (decimal 7992)
   defining Unicode char U+1F39 (decimal 7993)
   defining Unicode char U+1F3A (decimal 7994)
   defining Unicode char U+1F3B (decimal 7995)
   defining Unicode char U+1F3C (decimal 7996)
   defining Unicode char U+1F3D (decimal 7997)
   defining Unicode char U+1F3E (decimal 7998)
   defining Unicode char U+1F3F (decimal 7999)
   defining Unicode char U+1F40 (decimal 8000)
   defining Unicode char U+1F41 (decimal 8001)
   defining Unicode char U+1F42 (decimal 8002)
   defining Unicode char U+1F43 (decimal 8003)
   defining Unicode char U+1F44 (decimal 8004)
   defining Unicode char U+1F45 (decimal 8005)
   defining Unicode char U+1F48 (decimal 8008)
   defining Unicode char U+1F49 (decimal 8009)
   defining Unicode char U+1F4A (decimal 8010)
   defining Unicode char U+1F4B (decimal 8011)
   defining Unicode char U+1F4C (decimal 8012)
   defining Unicode char U+1F4D (decimal 8013)
   defining Unicode char U+1F50 (decimal 8016)
   defining Unicode char U+1F51 (decimal 8017)
   defining Unicode char U+1F52 (decimal 8018)
   defining Unicode char U+1F53 (decimal 8019)
   defining Unicode char U+1F54 (decimal 8020)
   defining Unicode char U+1F55 (decimal 8021)
   defining Unicode char U+1F56 (decimal 8022)
   defining Unicode char U+1F57 (decimal 8023)
   defining Unicode char U+1F59 (decimal 8025)
   defining Unicode char U+1F5B (decimal 8027)
   defining Unicode char U+1F5D (decimal 8029)
   defining Unicode char U+1F5F (decimal 8031)
   defining Unicode char U+1F60 (decimal 8032)
   defining Unicode char U+1F61 (decimal 8033)
   defining Unicode char U+1F62 (decimal 8034)
   defining Unicode char U+1F63 (decimal 8035)
   defining Unicode char U+1F64 (decimal 8036)
   defining Unicode char U+1F65 (decimal 8037)
   defining Unicode char U+1F66 (decimal 8038)
   defining Unicode char U+1F67 (decimal 8039)
   defining Unicode char U+1F68 (decimal 8040)
   defining Unicode char U+1F69 (decimal 8041)
   defining Unicode char U+1F6A (decimal 8042)
   defining Unicode char U+1F6B (decimal 8043)
   defining Unicode char U+1F6C (decimal 8044)
   defining Unicode char U+1F6D (decimal 8045)
   defining Unicode char U+1F6E (decimal 8046)
   defining Unicode char U+1F6F (decimal 8047)
   defining Unicode char U+1F70 (decimal 8048)
   defining Unicode char U+1F71 (decimal 8049)
   defining Unicode char U+1F72 (decimal 8050)
   defining Unicode char U+1F73 (decimal 8051)
   defining Unicode char U+1F74 (decimal 8052)
   defining Unicode char U+1F75 (decimal 8053)
   defining Unicode char U+1F76 (decimal 8054)
   defining Unicode char U+1F77 (decimal 8055)
   defining Unicode char U+1F78 (decimal 8056)
   defining Unicode char U+1F79 (decimal 8057)
   defining Unicode char U+1F7A (decimal 8058)
   defining Unicode char U+1F7B (decimal 8059)
   defining Unicode char U+1F7C (decimal 8060)
   defining Unicode char U+1F7D (decimal 8061)
   defining Unicode char U+1F80 (decimal 8064)
   defining Unicode char U+1F81 (decimal 8065)
   defining Unicode char U+1F82 (decimal 8066)
   defining Unicode char U+1F83 (decimal 8067)
   defining Unicode char U+1F84 (decimal 8068)
   defining Unicode char U+1F85 (decimal 8069)
   defining Unicode char U+1F86 (decimal 8070)
   defining Unicode char U+1F87 (decimal 8071)
   defining Unicode char U+1F88 (decimal 8072)
   defining Unicode char U+1F89 (decimal 8073)
   defining Unicode char U+1F8A (decimal 8074)
   defining Unicode char U+1F8B (decimal 8075)
   defining Unicode char U+1F8C (decimal 8076)
   defining Unicode char U+1F8D (decimal 8077)
   defining Unicode char U+1F8E (decimal 8078)
   defining Unicode char U+1F8F (decimal 8079)
   defining Unicode char U+1F90 (decimal 8080)
   defining Unicode char U+1F91 (decimal 8081)
   defining Unicode char U+1F92 (decimal 8082)
   defining Unicode char U+1F93 (decimal 8083)
   defining Unicode char U+1F94 (decimal 8084)
   defining Unicode char U+1F95 (decimal 8085)
   defining Unicode char U+1F96 (decimal 8086)
   defining Unicode char U+1F97 (decimal 8087)
   defining Unicode char U+1F98 (decimal 8088)
   defining Unicode char U+1F99 (decimal 8089)
   defining Unicode char U+1F9A (decimal 8090)
   defining Unicode char U+1F9B (decimal 8091)
   defining Unicode char U+1F9C (decimal 8092)
   defining Unicode char U+1F9D (decimal 8093)
   defining Unicode char U+1F9E (decimal 8094)
   defining Unicode char U+1F9F (decimal 8095)
   defining Unicode char U+1FA0 (decimal 8096)
   defining Unicode char U+1FA1 (decimal 8097)
   defining Unicode char U+1FA2 (decimal 8098)
   defining Unicode char U+1FA3 (decimal 8099)
   defining Unicode char U+1FA4 (decimal 8100)
   defining Unicode char U+1FA5 (decimal 8101)
   defining Unicode char U+1FA6 (decimal 8102)
   defining Unicode char U+1FA7 (decimal 8103)
   defining Unicode char U+1FA8 (decimal 8104)
   defining Unicode char U+1FA9 (decimal 8105)
   defining Unicode char U+1FAA (decimal 8106)
   defining Unicode char U+1FAB (decimal 8107)
   defining Unicode char U+1FAC (decimal 8108)
   defining Unicode char U+1FAD (decimal 8109)
   defining Unicode char U+1FAE (decimal 8110)
   defining Unicode char U+1FAF (decimal 8111)
   defining Unicode char U+1FB0 (decimal 8112)
   defining Unicode char U+1FB1 (decimal 8113)
   defining Unicode char U+1FB2 (decimal 8114)
   defining Unicode char U+1FB3 (decimal 8115)
   defining Unicode char U+1FB4 (decimal 8116)
   defining Unicode char U+1FB6 (decimal 8118)
   defining Unicode char U+1FB7 (decimal 8119)
   defining Unicode char U+1FB8 (decimal 8120)
   defining Unicode char U+1FB9 (decimal 8121)
   defining Unicode char U+1FBA (decimal 8122)
   defining Unicode char U+1FBB (decimal 8123)
   defining Unicode char U+1FBC (decimal 8124)
   defining Unicode char U+1FBD (decimal 8125)
   defining Unicode char U+1FBE (decimal 8126)
   defining Unicode char U+1FBF (decimal 8127)
   defining Unicode char U+1FC0 (decimal 8128)
   defining Unicode char U+1FC1 (decimal 8129)
   defining Unicode char U+1FC2 (decimal 8130)
   defining Unicode char U+1FC3 (decimal 8131)
   defining Unicode char U+1FC4 (decimal 8132)
   defining Unicode char U+1FC6 (decimal 8134)
   defining Unicode char U+1FC7 (decimal 8135)
   defining Unicode char U+1FC8 (decimal 8136)
   defining Unicode char U+1FC9 (decimal 8137)
   defining Unicode char U+1FCA (decimal 8138)
   defining Unicode char U+1FCB (decimal 8139)
   defining Unicode char U+1FCC (decimal 8140)
   defining Unicode char U+1FCD (decimal 8141)
   defining Unicode char U+1FCE (decimal 8142)
   defining Unicode char U+1FCF (decimal 8143)
   defining Unicode char U+1FD0 (decimal 8144)
   defining Unicode char U+1FD1 (decimal 8145)
   defining Unicode char U+1FD2 (decimal 8146)
   defining Unicode char U+1FD3 (decimal 8147)
   defining Unicode char U+1FD6 (decimal 8150)
   defining Unicode char U+1FD7 (decimal 8151)
   defining Unicode char U+1FD8 (decimal 8152)
   defining Unicode char U+1FD9 (decimal 8153)
   defining Unicode char U+1FDA (decimal 8154)
   defining Unicode char U+1FDB (decimal 8155)
   defining Unicode char U+1FDD (decimal 8157)
   defining Unicode char U+1FDE (decimal 8158)
   defining Unicode char U+1FDF (decimal 8159)
   defining Unicode char U+1FE0 (decimal 8160)
   defining Unicode char U+1FE1 (decimal 8161)
   defining Unicode char U+1FE2 (decimal 8162)
   defining Unicode char U+1FE3 (decimal 8163)
   defining Unicode char U+1FE4 (decimal 8164)
   defining Unicode char U+1FE5 (decimal 8165)
   defining Unicode char U+1FE6 (decimal 8166)
   defining Unicode char U+1FE7 (decimal 8167)
   defining Unicode char U+1FE8 (decimal 8168)
   defining Unicode char U+1FE9 (decimal 8169)
   defining Unicode char U+1FEA (decimal 8170)
   defining Unicode char U+1FEB (decimal 8171)
   defining Unicode char U+1FEC (decimal 8172)
   defining Unicode char U+1FED (decimal 8173)
   defining Unicode char U+1FEE (decimal 8174)
   defining Unicode char U+1FEF (decimal 8175)
   defining Unicode char U+1FF2 (decimal 8178)
   defining Unicode char U+1FF3 (decimal 8179)
   defining Unicode char U+1FF4 (decimal 8180)
   defining Unicode char U+1FF6 (decimal 8182)
   defining Unicode char U+1FF7 (decimal 8183)
   defining Unicode char U+1FF8 (decimal 8184)
   defining Unicode char U+1FF9 (decimal 8185)
   defining Unicode char U+1FFA (decimal 8186)
   defining Unicode char U+1FFB (decimal 8187)
   defining Unicode char U+1FFC (decimal 8188)
   defining Unicode char U+1FFD (decimal 8189)
   defining Unicode char U+1FFE (decimal 8190)
   defining Unicode char U+2013 (decimal 8211)
   defining Unicode char U+2014 (decimal 8212)
   defining Unicode char U+2018 (decimal 8216)
   defining Unicode char U+2019 (decimal 8217)
   defining Unicode char U+201A (decimal 8218)
   defining Unicode char U+2030 (decimal 8240)
   defining Unicode char U+2039 (decimal 8249)
   defining Unicode char U+203A (decimal 8250)
   defining Unicode char U+20AC (decimal 8364)
   defining Unicode char U+2126 (decimal 8486)
   defining Unicode char U+10144 (decimal 65860)
   defining Unicode char U+10145 (decimal 65861)
   defining Unicode char U+10146 (decimal 65862)
   defining Unicode char U+10147 (decimal 65863)
)
(/usr/local/texlive/2020/texmf-dist/tex/latex/greek-fontenc/greek-fontenc.def
File: greek-fontenc.def 2015/08/04 v0.13.4 Common Greek font encoding definitio
ns
))
Package textgreek Info: Loaded fontmap: {eur/*/*}{U/eur/*/*} {phv/*/*}{U/psy/*/
*}. on input line 69.
) (/usr/local/texlive/2020/texmf-dist/tex/latex/preprint/authblk.sty
Package: authblk 2001/02/27 1.3 (PWD)
\affilsep=\skip55
\@affilsep=\skip56
\c@Maxaffil=\count270
\c@authors=\count271
\c@affil=\count272
)
(/usr/local/texlive/2020/texmf-dist/tex/generic/babel/babel.sty
Package: babel 2020/03/22 3.42 The Babel package

(/usr/local/texlive/2020/texmf-dist/tex/generic/babel/switch.def
File: switch.def 2020/03/22 3.42 Babel switching mechanism
)
(/usr/local/texlive/2020/texmf-dist/tex/generic/babel-english/british.ldf
Language: british 2017/06/06 v3.3r English support from the babel system

(/usr/local/texlive/2020/texmf-dist/tex/generic/babel-english/english.ldf
Language: english 2017/06/06 v3.3r English support from the babel system

(/usr/local/texlive/2020/texmf-dist/tex/generic/babel/babel.def
File: babel.def 2020/03/22 3.42 Babel common definitions
\babel@savecnt=\count273
\U@D=\dimen181

(/usr/local/texlive/2020/texmf-dist/tex/generic/babel/txtbabel.def)
\bbl@readstream=\read2
\bbl@dirlevel=\count274
)
Package babel Info: \l@canadian = using hyphenrules for english
(babel)             (\language0) on input line 102.
Package babel Info: \l@australian = using hyphenrules for ukenglish
(babel)             (\language21) on input line 105.
Package babel Info: \l@newzealand = using hyphenrules for ukenglish
(babel)             (\language21) on input line 108.
)))
(/usr/local/texlive/2020/texmf-dist/tex/latex/url/url.sty
\Urlmuskip=\muskip17
Package: url 2013/09/16  ver 3.4  Verb mode for urls, etc.
)
(/usr/local/texlive/2020/texmf-dist/tex/latex/doi/doi.sty
Package: doi 2018/09/09 handle doi numbers

(/usr/local/texlive/2020/texmf-dist/tex/latex/hyperref/hyperref.sty
Package: hyperref 2020/01/14 v7.00d Hypertext links for LaTeX

(/usr/local/texlive/2020/texmf-dist/tex/latex/pdftexcmds/pdftexcmds.sty
Package: pdftexcmds 2019/11/24 v0.31 Utility functions of pdfTeX for LuaTeX (HO
)
Package pdftexcmds Info: \pdf@primitive is available.
Package pdftexcmds Info: \pdf@ifprimitive is available.
Package pdftexcmds Info: \pdfdraftmode found.
)
(/usr/local/texlive/2020/texmf-dist/tex/generic/kvsetkeys/kvsetkeys.sty
Package: kvsetkeys 2019/12/15 v1.18 Key value parser (HO)
)
(/usr/local/texlive/2020/texmf-dist/tex/generic/kvdefinekeys/kvdefinekeys.sty
Package: kvdefinekeys 2019-12-19 v1.6 Define keys (HO)
)
(/usr/local/texlive/2020/texmf-dist/tex/generic/pdfescape/pdfescape.sty
Package: pdfescape 2019/12/09 v1.15 Implements pdfTeX's escape features (HO)
)
(/usr/local/texlive/2020/texmf-dist/tex/latex/hycolor/hycolor.sty
Package: hycolor 2020-01-27 v1.10 Color options for hyperref/bookmark (HO)
)
(/usr/local/texlive/2020/texmf-dist/tex/latex/letltxmacro/letltxmacro.sty
Package: letltxmacro 2019/12/03 v1.6 Let assignment for LaTeX macros (HO)
)
(/usr/local/texlive/2020/texmf-dist/tex/latex/auxhook/auxhook.sty
Package: auxhook 2019-12-17 v1.6 Hooks for auxiliary files (HO)
)
(/usr/local/texlive/2020/texmf-dist/tex/latex/kvoptions/kvoptions.sty
Package: kvoptions 2019/11/29 v3.13 Key value format for package options (HO)
)
\@linkdim=\dimen182
\Hy@linkcounter=\count275
\Hy@pagecounter=\count276

(/usr/local/texlive/2020/texmf-dist/tex/latex/hyperref/pd1enc.def
File: pd1enc.def 2020/01/14 v7.00d Hyperref: PDFDocEncoding definition (HO)
Now handling font encoding PD1 ...
... no UTF-8 mapping file for font encoding PD1
)
(/usr/local/texlive/2020/texmf-dist/tex/generic/intcalc/intcalc.sty
Package: intcalc 2019/12/15 v1.3 Expandable calculations with integers (HO)
)
(/usr/local/texlive/2020/texmf-dist/tex/generic/etexcmds/etexcmds.sty
Package: etexcmds 2019/12/15 v1.7 Avoid name clashes with e-TeX commands (HO)
)
\Hy@SavedSpaceFactor=\count277
Package hyperref Info: Hyper figures OFF on input line 4547.
Package hyperref Info: Link nesting OFF on input line 4552.
Package hyperref Info: Hyper index ON on input line 4555.
Package hyperref Info: Plain pages OFF on input line 4562.
Package hyperref Info: Backreferencing OFF on input line 4567.
Package hyperref Info: Implicit mode ON; LaTeX internals redefined.
Package hyperref Info: Bookmarks ON on input line 4800.
\c@Hy@tempcnt=\count278
LaTeX Info: Redefining \url on input line 5159.
\XeTeXLinkMargin=\dimen183

(/usr/local/texlive/2020/texmf-dist/tex/generic/bitset/bitset.sty
Package: bitset 2019/12/09 v1.3 Handle bit-vector datatype (HO)

(/usr/local/texlive/2020/texmf-dist/tex/generic/bigintcalc/bigintcalc.sty
Package: bigintcalc 2019/12/15 v1.5 Expandable calculations on big integers (HO
)
))
\Fld@menulength=\count279
\Field@Width=\dimen184
\Fld@charsize=\dimen185
Package hyperref Info: Hyper figures OFF on input line 6430.
Package hyperref Info: Link nesting OFF on input line 6435.
Package hyperref Info: Hyper index ON on input line 6438.
Package hyperref Info: backreferencing OFF on input line 6445.
Package hyperref Info: Link coloring OFF on input line 6450.
Package hyperref Info: Link coloring with OCG OFF on input line 6455.
Package hyperref Info: PDF/A mode OFF on input line 6460.
LaTeX Info: Redefining \ref on input line 6500.
LaTeX Info: Redefining \pageref on input line 6504.
\Hy@abspage=\count280
\c@Item=\count281
\c@Hfootnote=\count282
)
Package hyperref Info: Driver (autodetected): hpdftex.

(/usr/local/texlive/2020/texmf-dist/tex/latex/hyperref/hpdftex.def
File: hpdftex.def 2020/01/14 v7.00d Hyperref driver for pdfTeX

(/usr/local/texlive/2020/texmf-dist/tex/latex/atveryend/atveryend.sty
Package: atveryend 2019-12-11 v1.11 Hooks at the very end of document (HO)
Package atveryend Info: \enddocument detected (standard20110627).
)
\Fld@listcount=\count283
\c@bookmark@seq@number=\count284

(/usr/local/texlive/2020/texmf-dist/tex/latex/rerunfilecheck/rerunfilecheck.sty
Package: rerunfilecheck 2019/12/05 v1.9 Rerun checks for auxiliary files (HO)

(/usr/local/texlive/2020/texmf-dist/tex/generic/uniquecounter/uniquecounter.sty
Package: uniquecounter 2019/12/15 v1.4 Provide unlimited unique counter (HO)
)
Package uniquecounter Info: New unique counter `rerunfilecheck' on input line 2
86.
)
\Hy@SectionHShift=\skip57
)) (/usr/local/texlive/2020/texmf-dist/tex/latex/siunitx/siunitx.sty
(/usr/local/texlive/2020/texmf-dist/tex/latex/l3kernel/expl3.sty
Package: expl3 2020-03-06 L3 programming layer (loader) 

(/usr/local/texlive/2020/texmf-dist/tex/latex/l3backend/l3backend-pdfmode.def
File: l3backend-pdfmode.def 2020-03-12 L3 backend support: PDF mode
\l__kernel_color_stack_int=\count285
\l__pdf_internal_box=\box52
)) (/usr/local/texlive/2020/texmf-dist/tex/latex/l3packages/xparse/xparse.sty
Package: xparse 2020-03-06 L3 Experimental document command parser
\l__xparse_current_arg_int=\count286
\g__xparse_grabber_int=\count287
\l__xparse_m_args_int=\count288
\l__xparse_v_nesting_int=\count289
)
Package: siunitx 2020/02/25 v2.8b A comprehensive (SI) units package

(/usr/local/texlive/2020/texmf-dist/tex/latex/tools/array.sty
Package: array 2019/08/31 v2.4l Tabular extension package (FMi)
\col@sep=\dimen186
\ar@mcellbox=\box53
\extrarowheight=\dimen187
\NC@list=\toks27
\extratabsurround=\skip58
\backup@length=\skip59
\ar@cellbox=\box54
)
(/usr/local/texlive/2020/texmf-dist/tex/latex/l3packages/l3keys2e/l3keys2e.sty
Package: l3keys2e 2020-03-06 LaTeX2e option processing using LaTeX3 keys
)
\l__siunitx_tmp_box=\box55
\l__siunitx_tmp_dim=\dimen188
\l__siunitx_tmp_int=\count290
\l__siunitx_number_mantissa_length_int=\count291
\l__siunitx_number_uncert_length_int=\count292
\l__siunitx_round_int=\count293
\l__siunitx_process_decimal_int=\count294
\l__siunitx_process_uncertainty_int=\count295
\l__siunitx_process_fixed_int=\count296
\l__siunitx_process_integer_min_int=\count297
\l__siunitx_process_precision_int=\count298
\l__siunitx_group_min_int=\count299
\l__siunitx_angle_marker_box=\box56
\l__siunitx_angle_unit_box=\box57
\l__siunitx_angle_marker_dim=\dimen189
\l__siunitx_angle_unit_dim=\dimen190
\l__siunitx_unit_int=\count300
\l__siunitx_unit_denominator_int=\count301
\l__siunitx_unit_numerator_int=\count302
\l__siunitx_unit_prefix_int=\count303
\l__siunitx_unit_prefix_base_int=\count304
\l__siunitx_unit_prefix_gram_int=\count305
\l__siunitx_number_product_int=\count306
\c__siunitx_one_fill_skip=\skip60
\l__siunitx_table_unit_align_skip=\skip61
\l__siunitx_table_exponent_dim=\dimen191
\l__siunitx_table_integer_dim=\dimen192
\l__siunitx_table_mantissa_dim=\dimen193
\l__siunitx_table_marker_dim=\dimen194
\l__siunitx_table_result_dim=\dimen195
\l__siunitx_table_uncert_dim=\dimen196
\l__siunitx_table_fill_pre_dim=\dimen197
\l__siunitx_table_fill_post_dim=\dimen198
\l__siunitx_table_fill_mid_dim=\dimen199
\l__siunitx_table_pre_box=\box58
\l__siunitx_table_post_box=\box59
\l__siunitx_table_mantissa_box=\box60
\l__siunitx_table_result_box=\box61
\l__siunitx_table_number_align_skip=\skip62
\l__siunitx_table_text_align_skip=\skip63
(/usr/local/texlive/2020/texmf-dist/tex/latex/translator/translator.sty
Package: translator 2019-05-31 v1.12a Easy translation of strings in LaTeX
))
(/usr/local/texlive/2020/texmf-dist/tex/latex/base/textcomp.sty
Package: textcomp 2020/02/02 v2.0n Standard LaTeX package
)
(/usr/local/texlive/2020/texmf-dist/tex/latex/base/inputenc.sty
Package: inputenc 2018/08/11 v1.3c Input encoding file
\inpenc@prehook=\toks28
\inpenc@posthook=\toks29
)
(/usr/local/texlive/2020/texmf-dist/tex/latex/appendix/appendix.sty
Package: appendix 2020/02/08 v1.2c extra appendix facilities
\c@@pps=\count307
\c@@ppsavesec=\count308
\c@@ppsaveapp=\count309
)
(/usr/local/texlive/2020/texmf-dist/tex/latex/natbib/natbib.sty
Package: natbib 2010/09/13 8.31b (PWD, AO)
\bibhang=\skip64
\bibsep=\skip65
LaTeX Info: Redefining \cite on input line 694.
\c@NAT@ctr=\count310
)
(/usr/local/texlive/2020/texmf-dist/tex/latex/titlepic/titlepic.sty
Package: titlepic 2017/03/14 1.2 Package to display a picture on the title page

)
(/usr/local/texlive/2020/texmf-dist/tex/latex/hyphenat/hyphenat.sty
Package: hyphenat 2009/09/02 v2.3c hyphenation utilities
\langwohyphens=\language86
LaTeX Info: Redefining \_ on input line 43.
)
(/usr/local/texlive/2020/texmf-dist/tex/latex/psnfss/helvet.sty
Package: helvet 2005/04/12 PSNFSS-v9.2a (WaS) 
) (./Report.aux)
\openout1 = `Report.aux'.

LaTeX Font Info:    Checking defaults for OML/cmm/m/it on input line 29.
LaTeX Font Info:    ... okay on input line 29.
LaTeX Font Info:    Checking defaults for OMS/cmsy/m/n on input line 29.
LaTeX Font Info:    ... okay on input line 29.
LaTeX Font Info:    Checking defaults for OT1/cmr/m/n on input line 29.
LaTeX Font Info:    ... okay on input line 29.
LaTeX Font Info:    Checking defaults for T1/cmr/m/n on input line 29.
LaTeX Font Info:    ... okay on input line 29.
LaTeX Font Info:    Checking defaults for TS1/cmr/m/n on input line 29.
LaTeX Font Info:    ... okay on input line 29.
LaTeX Font Info:    Checking defaults for OMX/cmex/m/n on input line 29.
LaTeX Font Info:    ... okay on input line 29.
LaTeX Font Info:    Checking defaults for U/cmr/m/n on input line 29.
LaTeX Font Info:    ... okay on input line 29.
LaTeX Font Info:    Checking defaults for LGR/cmr/m/n on input line 29.
LaTeX Font Info:    Trying to load font information for LGR+cmr on input line 2
9.
(/usr/local/texlive/2020/texmf-dist/tex/latex/cbfonts-fd/lgrcmr.fd
File: lgrcmr.fd 2017/07/29 v1.2 Greek European Computer Regular
)
LaTeX Font Info:    ... okay on input line 29.
LaTeX Font Info:    Checking defaults for PD1/pdf/m/n on input line 29.
LaTeX Font Info:    ... okay on input line 29.
LaTeX Font Info:    Trying to load font information for OT1+phv on input line 2
9.

(/usr/local/texlive/2020/texmf-dist/tex/latex/psnfss/ot1phv.fd
File: ot1phv.fd 2001/06/04 scalable font definitions for OT1/phv.


LaTeX Warning: Font shape declaration has incorrect series value `mc'.
               It should not contain an `m'! Please correct it.
               Found on input line 21.


LaTeX Warning: Font shape declaration has incorrect series value `mc'.
               It should not contain an `m'! Please correct it.
               Found on input line 24.


LaTeX Warning: Font shape declaration has incorrect series value `mc'.
               It should not contain an `m'! Please correct it.
               Found on input line 27.


LaTeX Warning: Font shape declaration has incorrect series value `mc'.
               It should not contain an `m'! Please correct it.
               Found on input line 47.

) (/usr/local/texlive/2020/texmf-dist/tex/context/base/mkii/supp-pdf.mkii
[Loading MPS to PDF converter (version 2006.09.02).]
\scratchcounter=\count311
\scratchdimen=\dimen256
\scratchbox=\box62
\nofMPsegments=\count312
\nofMParguments=\count313
\everyMPshowfont=\toks30
\MPscratchCnt=\count314
\MPscratchDim=\dimen257
\MPnumerator=\count315
\makeMPintoPDFobject=\count316
\everyMPtoPDFconversion=\toks31
) (/usr/local/texlive/2020/texmf-dist/tex/latex/epstopdf-pkg/epstopdf-base.sty
Package: epstopdf-base 2020-01-24 v2.11 Base part for package epstopdf

(/usr/local/texlive/2020/texmf-dist/tex/latex/grfext/grfext.sty
Package: grfext 2019/12/03 v1.3 Manage graphics extensions (HO)
)
Package epstopdf-base Info: Redefining graphics rule for `.eps' on input line 4
85.
Package grfext Info: Graphics extension search list:
(grfext)             [.pdf,.png,.jpg,.mps,.jpeg,.jbig2,.jb2,.PDF,.PNG,.JPG,.JPE
G,.JBIG2,.JB2,.eps]
(grfext)             \AppendGraphicsExtensions on input line 504.

(/usr/local/texlive/2020/texmf-dist/tex/latex/latexconfig/epstopdf-sys.cfg
File: epstopdf-sys.cfg 2010/07/13 v1.3 Configuration of (r)epstopdf for TeX Liv
e
))
\AtBeginShipoutBox=\box63

(/usr/local/texlive/2020/texmf-dist/tex/latex/pdflscape/pdflscape.sty
Package: pdflscape 2019/12/05 v0.12 Display of landscape pages in PDF (HO)

(/usr/local/texlive/2020/texmf-dist/tex/latex/graphics/lscape.sty
Package: lscape 2000/10/22 v3.01 Landscape Pages (DPC)
)
Package pdflscape Info: Auto-detected driver: pdftex on input line 81.
)
Package caption Info: Begin \AtBeginDocument code.
Package caption Info: hyperref package is loaded.
Package caption Info: wrapfig package is loaded.
Package caption Info: End \AtBeginDocument code.

*geometry* driver: auto-detecting
*geometry* detected driver: pdftex
*geometry* verbose mode - [ preamble ] result:
* driver: pdftex
* paper: legalpaper
* layout: <same size as paper>
* layoutoffset:(h,v)=(0.0pt,0.0pt)
* modes: 
* h-part:(L,W,R)=(56.9055pt, 500.484pt, 56.9055pt)
* v-part:(T,H,B)=(56.9055pt, 897.969pt, 56.9055pt)
* \paperwidth=614.295pt
* \paperheight=1011.78pt
* \textwidth=500.484pt
* \textheight=897.969pt
* \oddsidemargin=-15.36449pt
* \evensidemargin=-15.36449pt
* \topmargin=-52.36449pt
* \headheight=12.0pt
* \headsep=25.0pt
* \topskip=11.0pt
* \footskip=30.0pt
* \marginparwidth=50.0pt
* \marginparsep=10.0pt
* \columnsep=10.0pt
* \skip\footins=10.0pt plus 4.0pt minus 2.0pt
* \hoffset=0.0pt
* \voffset=0.0pt
* \mag=1000
* \@twocolumnfalse
* \@twosidefalse
* \@mparswitchfalse
* \@reversemarginfalse
* (1in=72.27pt=25.4mm, 1cm=28.453pt)

Package hyperref Info: Link coloring OFF on input line 29.
(/usr/local/texlive/2020/texmf-dist/tex/latex/hyperref/nameref.sty
Package: nameref 2019/09/16 v2.46 Cross-referencing by name of section

(/usr/local/texlive/2020/texmf-dist/tex/latex/refcount/refcount.sty
Package: refcount 2019/12/15 v3.6 Data extraction from label references (HO)
)
(/usr/local/texlive/2020/texmf-dist/tex/generic/gettitlestring/gettitlestring.s
ty
Package: gettitlestring 2019/12/15 v1.6 Cleanup title references (HO)
)
\c@section@level=\count317
)
LaTeX Info: Redefining \ref on input line 29.
LaTeX Info: Redefining \pageref on input line 29.
LaTeX Info: Redefining \nameref on input line 29.
 (./Report.out) (./Report.out)
\@outlinefile=\write3
\openout3 = `Report.out'.


(/usr/local/texlive/2020/texmf-dist/tex/latex/translator/translator-basic-dicti
onary-English.dict
Dictionary: translator-basic-dictionary, Language: English 
)
(/usr/local/texlive/2020/texmf-dist/tex/latex/siunitx/siunitx-abbreviations.cfg
File: siunitx-abbreviations.cfg 2017/11/26 v2.7k siunitx: Abbreviated units
) [1

{/usr/local/texlive/2020/texmf-var/fonts/map/pdftex/updmap/pdftex.map}]
(./Report.tocpdfTeX warning (ext4): destination with the same identifier (name{
page.1}) has been already used, duplicate ignored
<to be read again> 
                   \relax 
l.18 ...erline {4.3}Leak Testing}{25}{section.4.3}
                                                  % [1

])
\tf@toc=\write4
\openout4 = `Report.toc'.

 [2]
Chapter 1.

LaTeX Warning: Reference `fig: ' on page 3 undefined on input line 51.


Overfull \hbox (7.45842pt too wide) in paragraph at lines 53--54
\OT1/phv/m/n/10.95 De-grad-a-tion ex-per-i-ments are es-sen-tial in the test-in
g of solar cells; there-fore it was ex-pec-ted that some-thing
 []

[3

]
<./Images/Intro/HT9_Fig1.png, id=128, 644.4075pt x 415.5525pt>
File: ./Images/Intro/HT9_Fig1.png Graphic file (type png)
<use ./Images/Intro/HT9_Fig1.png>
Package pdftex.def Info: ./Images/Intro/HT9_Fig1.png  used on input line 57.
(pdftex.def)             Requested size: 225.21626pt x 145.2363pt.
<./Images/Intro/HT9_Fig2.png, id=130, 653.44125pt x 553.06625pt>
File: ./Images/Intro/HT9_Fig2.png Graphic file (type png)
<use ./Images/Intro/HT9_Fig2.png>
Package pdftex.def Info: ./Images/Intro/HT9_Fig2.png  used on input line 60.
(pdftex.def)             Requested size: 225.21626pt x 190.61395pt.

Underfull \hbox (badness 5036) in paragraph at lines 61--61
[]\OT1/phv/m/n/10 (b) |Schem-atic of the test cham-ber and rel-ev-ant
 []


Overfull \hbox (2.32138pt too wide) in paragraph at lines 56--63
[]$[]$ $[]$ 
 []


Overfull \hbox (10.89731pt too wide) in paragraph at lines 72--73
\OT1/phv/m/n/10.95 by En-viro-triks (now Weiss Tech-nik) who spe-cial-ise in th
e man-u-fac-tur-ing of en-vir-on-mental test-ing equip-ment.
 []


Overfull \hbox (4.65503pt too wide) in paragraph at lines 72--73
\OT1/phv/m/n/10.95 Their tech-no-logy ranges from aerospace to bio-lo-gical en-
vir-on-mental ap-plic-a-tions. On fur-ther in-vest-ig-a-tion,
 []

[4 <./Images/Intro/HT9_Fig1.png> <./Images/Intro/HT9_Fig2.png>]
./Report.ltx:80: Undefined control sequence.
\degree ->\ERROR 
                 
l.80 ... 1000 h damp heat (DH) test at 85  \degree
                                                   C and 85\% humidity, 200 ...

? 

./Report.ltx:80: Package inputenc Error: Unicode character − (U+2212)
(inputenc)                not set up for use with LaTeX.

See the inputenc package documentation for explanation.
Type  H <return>  for immediate help.
 ...                                              
                                                  
l.80 ...00 cycles of thermal cycling (TC) from −
                                                  40 to +85  \degree C, and ...

? 
./Report.ltx:80: Undefined control sequence.
\degree ->\ERROR 
                 
l.80 ...al cycling (TC) from −40 to +85  \degree
                                                   C, and a sequence test co...

? 

./Report.ltx:80: Package inputenc Error: Unicode character − (U+2212)
(inputenc)                not set up for use with LaTeX.

See the inputenc package documentation for explanation.
Type  H <return>  for immediate help.
 ...                                              
                                                  
l.80 ...10 cycles of humidity freeze (HF) from −
                                                  40 to +85 °C at 85\% humi...

? 
LaTeX Font Info:    Trying to load font information for TS1+phv on input line 8
0.
(/usr/local/texlive/2020/texmf-dist/tex/latex/psnfss/ts1phv.fd
File: ts1phv.fd 2001/06/04 scalable font definitions for TS1/phv.


LaTeX Warning: Font shape declaration has incorrect series value `mc'.
               It should not contain an `m'! Please correct it.
               Found on input line 17.


LaTeX Warning: Font shape declaration has incorrect series value `mc'.
               It should not contain an `m'! Please correct it.
               Found on input line 20.


LaTeX Warning: Font shape declaration has incorrect series value `mc'.
               It should not contain an `m'! Please correct it.
               Found on input line 34.

)
<./Images/Intro/HT3_Fig2.png, id=152, 997.7275pt x 883.3pt>
File: ./Images/Intro/HT3_Fig2.png Graphic file (type png)
<use ./Images/Intro/HT3_Fig2.png>
Package pdftex.def Info: ./Images/Intro/HT3_Fig2.png  used on input line 85.
(pdftex.def)             Requested size: 450.43253pt x 398.77522pt.
 [5 <./Images/Intro/HT3_Fig2.png>]
<./Images/Intro/HT10_Fig1.png, id=166, 871.255pt x 605.26125pt>
File: ./Images/Intro/HT10_Fig1.png Graphic file (type png)
<use ./Images/Intro/HT10_Fig1.png>
Package pdftex.def Info: ./Images/Intro/HT10_Fig1.png  used on input line 99.
(pdftex.def)             Requested size: 425.41444pt x 295.52774pt.
 [6 <./Images/Intro/HT10_Fig1.png>] [7]
Chapter 2.
[8

]
Overfull \hbox (35.18414pt too wide) in paragraph at lines 124--125
[]\OT1/phv/m/n/10.95 The con-tainer must al-low elec-trical con-nec-tions from 
out-side to con-nect to the sub-strate for meas-ure-ments. 
 []

[9]
<./Images/Design_chapter/Design_1.png, id=201, 438.63875pt x 439.6425pt>
File: ./Images/Design_chapter/Design_1.png Graphic file (type png)
<use ./Images/Design_chapter/Design_1.png>
Package pdftex.def Info: ./Images/Design_chapter/Design_1.png  used on input li
ne 148.
(pdftex.def)             Requested size: 225.21626pt x 225.7375pt.
<./Images/Design_chapter/Design_2.png, id=202, 438.63875pt x 439.6425pt>
File: ./Images/Design_chapter/Design_2.png Graphic file (type png)
<use ./Images/Design_chapter/Design_2.png>
Package pdftex.def Info: ./Images/Design_chapter/Design_2.png  used on input li
ne 151.
(pdftex.def)             Requested size: 225.21626pt x 225.7375pt.

Overfull \hbox (2.32138pt too wide) in paragraph at lines 147--154
[]$[]$ $[]$ 
 []

<./Images/Design_chapter/Design_3.png, id=203, 483.8075pt x 476.78125pt>
File: ./Images/Design_chapter/Design_3.png Graphic file (type png)
<use ./Images/Design_chapter/Design_3.png>
Package pdftex.def Info: ./Images/Design_chapter/Design_3.png  used on input li
ne 158.
(pdftex.def)             Requested size: 225.21626pt x 221.94833pt.
<./Images/Design_chapter/Design_4.png, id=206, 482.80376pt x 469.755pt>
File: ./Images/Design_chapter/Design_4.png Graphic file (type png)
<use ./Images/Design_chapter/Design_4.png>
Package pdftex.def Info: ./Images/Design_chapter/Design_4.png  used on input li
ne 166.
(pdftex.def)             Requested size: 225.21626pt x 219.1291pt.
[10 <./Images/Design_chapter/Design_1.png> <./Images/Design_chapter/Design_2.pn
g> <./Images/Design_chapter/Design_3.png>]
<./Images/Design_chapter/Design_5.png, id=218, 438.63875pt x 439.6425pt>
File: ./Images/Design_chapter/Design_5.png Graphic file (type png)
<use ./Images/Design_chapter/Design_5.png>
Package pdftex.def Info: ./Images/Design_chapter/Design_5.png  used on input li
ne 173.
(pdftex.def)             Requested size: 225.21626pt x 225.7375pt.
 [11 <./Images/Design_chapter/Design_4.png> <./Images/Design_chapter/Design_5.p
ng>]
<./Images/Design_chapter/Design_6.png, id=227, 696.6025pt x 675.52374pt>
File: ./Images/Design_chapter/Design_6.png Graphic file (type png)
<use ./Images/Design_chapter/Design_6.png>
Package pdftex.def Info: ./Images/Design_chapter/Design_6.png  used on input li
ne 183.
(pdftex.def)             Requested size: 225.21626pt x 218.39847pt.
<./Images/Design_chapter/Design_7.png, id=229, 732.7375pt x 694.595pt>
File: ./Images/Design_chapter/Design_7.png Graphic file (type png)
<use ./Images/Design_chapter/Design_7.png>
Package pdftex.def Info: ./Images/Design_chapter/Design_7.png  used on input li
ne 191.
(pdftex.def)             Requested size: 225.21626pt x 213.48865pt.
<./Images/Design_chapter/Design_8.png, id=232, 631.35875pt x 492.84125pt>
File: ./Images/Design_chapter/Design_8.png Graphic file (type png)
<use ./Images/Design_chapter/Design_8.png>
Package pdftex.def Info: ./Images/Design_chapter/Design_8.png  used on input li
ne 200.
(pdftex.def)             Requested size: 225.21626pt x 175.80588pt.


LaTeX Warning: `h' float specifier changed to `ht'.

[12 <./Images/Design_chapter/Design_6.png> <./Images/Design_chapter/Design_7.pn
g>]
<./Images/Design_chapter/Design_9.png, id=244, 696.6025pt x 689.57625pt>
File: ./Images/Design_chapter/Design_9.png Graphic file (type png)
<use ./Images/Design_chapter/Design_9.png>
Package pdftex.def Info: ./Images/Design_chapter/Design_9.png  used on input li
ne 211.
(pdftex.def)             Requested size: 150.14671pt x 148.62427pt.
 [13 <./Images/Design_chapter/Design_8.png> <./Images/Design_chapter/Design_9.p
ng>]
Overfull \hbox (1.6776pt too wide) in paragraph at lines 230--231
\OT1/phv/m/n/10.95 This spe-cific-a-tion is non-exhaustive but does provide a c
lear struc-ture to what is needed for the suc-cess-ful
 []

[14]

LaTeX Warning: Reference `fig:Base_3D' on page 15 undefined on input line 268.


LaTeX Warning: Reference `fig:MUX_3D' on page 15 undefined on input line 268.


LaTeX Warning: Reference `fig:SSR_3D' on page 15 undefined on input line 268.


Overfull \hbox (12.1138pt too wide) in paragraph at lines 268--269
\OT1/phv/m/n/10.95 PCB had two work-ing lay-ers made of cop-per, the com-pon-en
ts to be soldered on were nearly all through-hole
 []

<./Images/Design_chapter/Base_3D_1.png, id=263, 860.21375pt x 534.99875pt>
File: ./Images/Design_chapter/Base_3D_1.png Graphic file (type png)
<use ./Images/Design_chapter/Base_3D_1.png>
Package pdftex.def Info: ./Images/Design_chapter/Base_3D_1.png  used on input l
ine 272.
(pdftex.def)             Requested size: 225.21626pt x 140.06784pt.
<./Images/Design_chapter/Base_3D_2.png, id=264, 860.21375pt x 534.99875pt>
File: ./Images/Design_chapter/Base_3D_2.png Graphic file (type png)
<use ./Images/Design_chapter/Base_3D_2.png>
Package pdftex.def Info: ./Images/Design_chapter/Base_3D_2.png  used on input l
ine 275.
(pdftex.def)             Requested size: 225.21626pt x 140.06784pt.

Overfull \hbox (2.32138pt too wide) in paragraph at lines 271--278
[]$[]$ $[]$ 
 []


LaTeX Warning: `h' float specifier changed to `ht'.

LaTeX Font Info:    Font shape `OT1/phv/m/it' in size <10.95> not available
(Font)              Font shape `OT1/phv/m/sl' tried instead on input line 285.
[15]

LaTeX Warning: Reference `fig:GUI_1' on page 16 undefined on input line 289.


LaTeX Warning: Reference `fig:code_planning' on page 16 undefined on input line
 293.

[16 <./Images/Design_chapter/Base_3D_1.png> <./Images/Design_chapter/Base_3D_2.
png>]
Chapter 3.

Overfull \hbox (4.4462pt too wide) in paragraph at lines 299--300
[]\OT1/phv/m/n/10.95 In this chapter I will be dis-cuss-ing the dif-fer-ent sta
ges of man-u-fac-tur-ing of the cham-ber. The man-u-fac-tur-ing
 []

[17

]

LaTeX Warning: Reference `fig:drawing_1' on page 18 undefined on input line 313
.


LaTeX Warning: Reference `fig:drawing_2' on page 18 undefined on input line 313
.


LaTeX Warning: Reference `fig:drawing_3' on page 18 undefined on input line 313
.

<./Images/Manufacturing_chapter/elec_windows_drawings.png, id=292, 835.12pt x 6
23.32875pt>
File: ./Images/Manufacturing_chapter/elec_windows_drawings.png Graphic file (ty
pe png)
<use ./Images/Manufacturing_chapter/elec_windows_drawings.png>
Package pdftex.def Info: ./Images/Manufacturing_chapter/elec_windows_drawings.p
ng  used on input line 316.
(pdftex.def)             Requested size: 300.29344pt x 224.14137pt.
<./Images/Manufacturing_chapter/elec_windows_glued.png, id=293, 467.7475pt x 37
6.40625pt>
File: ./Images/Manufacturing_chapter/elec_windows_glued.png Graphic file (type 
png)
<use ./Images/Manufacturing_chapter/elec_windows_glued.png>
Package pdftex.def Info: ./Images/Manufacturing_chapter/elec_windows_glued.png 
 used on input line 327.
(pdftex.def)             Requested size: 237.72913pt x 191.30988pt.
<./Images/Manufacturing_chapter/safety_relief.png, id=294, 634.37pt x 607.26875
pt>
File: ./Images/Manufacturing_chapter/safety_relief.png Graphic file (type png)
<use ./Images/Manufacturing_chapter/safety_relief.png>
Package pdftex.def Info: ./Images/Manufacturing_chapter/safety_relief.png  used
 on input line 331.
(pdftex.def)             Requested size: 237.72913pt x 227.56769pt.

LaTeX Warning: `!h' float specifier changed to `!ht'.

<./Images/Manufacturing_chapter/oring_assem.png, id=301, 545.03625pt x 505.89pt
>
File: ./Images/Manufacturing_chapter/oring_assem.png Graphic file (type png)
<use ./Images/Manufacturing_chapter/oring_assem.png>
Package pdftex.def Info: ./Images/Manufacturing_chapter/oring_assem.png  used o
n input line 341.
(pdftex.def)             Requested size: 225.21626pt x 209.03728pt.
<./Images/Manufacturing_chapter/acrylic_plate.png, id=302, 606.265pt x 669.5012
5pt>
File: ./Images/Manufacturing_chapter/acrylic_plate.png Graphic file (type png)
<use ./Images/Manufacturing_chapter/acrylic_plate.png>
Package pdftex.def Info: ./Images/Manufacturing_chapter/acrylic_plate.png  used
 on input line 345.
(pdftex.def)             Requested size: 225.21626pt x 248.71272pt.
[18 <./Images/Manufacturing_chapter/elec_windows_drawings.png>]
<./Images/Manufacturing_chapter/assembly.png, id=316, 634.37pt x 667.49374pt>
File: ./Images/Manufacturing_chapter/assembly.png Graphic file (type png)
<use ./Images/Manufacturing_chapter/assembly.png>
Package pdftex.def Info: ./Images/Manufacturing_chapter/assembly.png  used on i
nput line 353.
(pdftex.def)             Requested size: 350.33727pt x 368.64029pt.


LaTeX Warning: `!h' float specifier changed to `!ht'.

./Report.ltx:359: Undefined control sequence.
\degree ->\ERROR 
                 
l.359 ...ning point of between 160 – 170 \degree
                                                   C \cite[p.~744]{RN70}, wh...

? 

LaTeX Warning: Reference `failure' on page 19 undefined on input line 361.

<./Images/Manufacturing_chapter/substrate_fail.png, id=320, 552.0625pt x 568.12
25pt>
File: ./Images/Manufacturing_chapter/substrate_fail.png Graphic file (type png)

<use ./Images/Manufacturing_chapter/substrate_fail.png>
Package pdftex.def Info: ./Images/Manufacturing_chapter/substrate_fail.png  use
d on input line 364.
(pdftex.def)             Requested size: 250.24199pt x 257.52522pt.

LaTeX Warning: `!h' float specifier changed to `!ht'.

./Report.ltx:370: Undefined control sequence.
\degree ->\ERROR 
                 
l.370 ...han ABS due to its higher MP (260 \degree
                                                   C) \cite{RN72} allowing s...

? 
[19 <./Images/Manufacturing_chapter/elec_windows_glued.png> <./Images/Manufactu
ring_chapter/safety_relief.png> <./Images/Manufacturing_chapter/oring_assem.png
> <./Images/Manufacturing_chapter/acrylic_plate.png>] [20 <./Images/Manufacturi
ng_chapter/assembly.png> <./Images/Manufacturing_chapter/substrate_fail.png>]
<./Images/Manufacturing_chapter/Base_front.jpeg, id=343, 4047.12pt x 3035.34pt>

File: ./Images/Manufacturing_chapter/Base_front.jpeg Graphic file (type jpg)
<use ./Images/Manufacturing_chapter/Base_front.jpeg>
Package pdftex.def Info: ./Images/Manufacturing_chapter/Base_front.jpeg  used o
n input line 382.
(pdftex.def)             Requested size: 225.21626pt x 168.8663pt.
<./Images/Manufacturing_chapter/Base_back.jpeg, id=344, 3447.88126pt x 2304.61p
t>
File: ./Images/Manufacturing_chapter/Base_back.jpeg Graphic file (type jpg)
<use ./Images/Manufacturing_chapter/Base_back.jpeg>
Package pdftex.def Info: ./Images/Manufacturing_chapter/Base_back.jpeg  used on
 input line 385.
(pdftex.def)             Requested size: 225.21626pt x 150.50821pt.

Overfull \hbox (2.32138pt too wide) in paragraph at lines 381--388
[]$[]$ $[]$ 
 []

<./Images/Manufacturing_chapter/Mux_front.jpeg, id=345, 3837.33624pt x 2827.563
75pt>
File: ./Images/Manufacturing_chapter/Mux_front.jpeg Graphic file (type jpg)
<use ./Images/Manufacturing_chapter/Mux_front.jpeg>
Package pdftex.def Info: ./Images/Manufacturing_chapter/Mux_front.jpeg  used on
 input line 394.
(pdftex.def)             Requested size: 225.21626pt x 165.93602pt.
<./Images/Manufacturing_chapter/Mux_back.jpeg, id=346, 3768.0775pt x 2799.45876
pt>
File: ./Images/Manufacturing_chapter/Mux_back.jpeg Graphic file (type jpg)
<use ./Images/Manufacturing_chapter/Mux_back.jpeg>
Package pdftex.def Info: ./Images/Manufacturing_chapter/Mux_back.jpeg  used on 
input line 397.
(pdftex.def)             Requested size: 225.21626pt x 167.31953pt.

Overfull \hbox (2.32138pt too wide) in paragraph at lines 393--400
[]$[]$ $[]$ 
 []

[21 <./Images/Manufacturing_chapter/Base_front.jpeg> <./Images/Manufacturing_ch
apter/Base_back.jpeg> <./Images/Manufacturing_chapter/Mux_front.jpeg> <./Images
/Manufacturing_chapter/Mux_back.jpeg>]
<./Images/Manufacturing_chapter/final.png, id=355, 438.63875pt x 439.6425pt>
File: ./Images/Manufacturing_chapter/final.png Graphic file (type png)
<use ./Images/Manufacturing_chapter/final.png>
Package pdftex.def Info: ./Images/Manufacturing_chapter/final.png  used on inpu
t line 411.
(pdftex.def)             Requested size: 450.43253pt x 451.47502pt.


LaTeX Warning: Reference `fig:code_intro' on page 22 undefined on input line 42
3.


LaTeX Warning: Reference `fig:code_doc' on page 22 undefined on input line 423.


[22 <./Images/Manufacturing_chapter/final.png>] [23]
Chapter 4.

Overfull \hbox (7.47183pt too wide) in paragraph at lines 438--439
\OT1/phv/m/n/10.95 This chapter will be dis-cuss-ing and ex-plain-ing the dif-f
er-ent test-ing pro-ced-ures that the cham-ber, elec-tron-ics
 []

./Report.ltx:448: Undefined control sequence.
\degree ->\ERROR 
                 
l.448 ...follows: ambient temperature of 25\degree
                                                   C, heater temperature 200...

? 
./Report.ltx:448: Undefined control sequence.
\degree ->\ERROR 
                 
l.448 ...\degree C, heater temperature 200 \degree
                                                   C and a convective heat t...

? 
./Report.ltx:448: Missing $ inserted.
<inserted text> 
                $
l.448 ...tive heat transfer coefficient of 2.5 Wm^
                                                  {-2}K^{-1} \cite{RN}.
? 

./Report.ltx:448: LaTeX Error: Command \bfseries invalid in math mode.

See the LaTeX manual or LaTeX Companion for explanation.
Type  H <return>  for immediate help.
 ...                                              
                                                  
l.448 ...oefficient of 2.5 Wm^{-2}K^{-1} \cite{RN}
                                                  .
? 

Package natbib Warning: Citation `RN' on page 24 undefined on input line 448.

./Report.ltx:449: Missing $ inserted.
<inserted text> 
                $
l.449 
      
? 
[24

] [25]
Chapter 5.
[26

] (./Report.bbl
Underfull \hbox (badness 10000) in paragraph at lines 109--112
[]\OT1/phv/m/n/10.95 Accessed: 03/11/2020.  URL []$\OT1/cmtt/m/n/10.95 https : 
/ / tameson . co . uk / measurement-[]control /
 []


Underfull \hbox (badness 10000) in paragraph at lines 109--112
\OT1/cmtt/m/n/10.95 pressure / safety-[]and-[]relief-[]valve / safety-[]valve /
 gas / adjustable /
 []


Underfull \hbox (badness 10000) in paragraph at lines 114--117
[]\OT1/phv/m/n/10.95 Accessed: 30/10/2020.  URL []$\OT1/cmtt/m/n/10.95 https : 
/ / uk . rs-[]online . com / web / p /
 []


Underfull \hbox (badness 10000) in paragraph at lines 128--131
[]\OT1/phv/m/n/10.95 Accessed: 20/12/2020.  URL []$\OT1/cmtt/m/n/10.95 https : 
/ / uk . farnell . com / harwin / p70-[]1000045r /
 []

) [27

] [28

]
<./Images/Appendix/Appendix_1.png, id=408, 1177.39874pt x 827.09pt>
File: ./Images/Appendix/Appendix_1.png Graphic file (type png)
<use ./Images/Appendix/Appendix_1.png>
Package pdftex.def Info: ./Images/Appendix/Appendix_1.png  used on input line 4
73.
(pdftex.def)             Requested size: 700.67453pt x 492.20668pt.
<./Images/Appendix/Appendix_2.png, id=409, 1177.39874pt x 827.09pt>
File: ./Images/Appendix/Appendix_2.png Graphic file (type png)
<use ./Images/Appendix/Appendix_2.png>
Package pdftex.def Info: ./Images/Appendix/Appendix_2.png  used on input line 4
79.
(pdftex.def)             Requested size: 700.67453pt x 492.20668pt.


LaTeX Warning: `!h' float specifier changed to `!ht'.

<./Images/Appendix/Appendix_3.png, id=410, 1177.39874pt x 827.09pt>
File: ./Images/Appendix/Appendix_3.png Graphic file (type png)
<use ./Images/Appendix/Appendix_3.png>
Package pdftex.def Info: ./Images/Appendix/Appendix_3.png  used on input line 4
85.
(pdftex.def)             Requested size: 700.67453pt x 492.20668pt.

LaTeX Warning: `!h' float specifier changed to `!ht'.

<./Images/Appendix/Appendix_4.png, id=411, 1177.39874pt x 827.09pt>
File: ./Images/Appendix/Appendix_4.png Graphic file (type png)
<use ./Images/Appendix/Appendix_4.png>
Package pdftex.def Info: ./Images/Appendix/Appendix_4.png  used on input line 4
91.
(pdftex.def)             Requested size: 700.67453pt x 492.20668pt.

LaTeX Warning: `!h' float specifier changed to `!ht'.

<./Images/Appendix/Gantt.png, id=412, 1234.6125pt x 872.25874pt>
File: ./Images/Appendix/Gantt.png Graphic file (type png)
<use ./Images/Appendix/Gantt.png>
Package pdftex.def Info: ./Images/Appendix/Gantt.png  used on input line 497.
(pdftex.def)             Requested size: 700.67453pt x 495.0365pt.

LaTeX Warning: `!h' float specifier changed to `!ht'.


Package natbib Warning: There were undefined citations.

Package atveryend Info: Empty hook `BeforeClearDocument' on input line 504.
[29 <./Images/Appendix/Appendix_1.png>] [30 <./Images/Appendix/Appendix_2.png>]
[31 <./Images/Appendix/Appendix_3.png>] [32 <./Images/Appendix/Appendix_4.png>]
[33 <./Images/Appendix/Gantt.png>]
Package atveryend Info: Empty hook `AfterLastShipout' on input line 504.
 (./Report.aux)
Package atveryend Info: Executing hook `AtVeryEndDocument' on input line 504.
Package atveryend Info: Executing hook `AtEndAfterFileList' on input line 504.
Package rerunfilecheck Info: File `Report.out' has not changed.
(rerunfilecheck)             Checksum: 98FACC1C097889569C8FEEFFA5239588;1134.


LaTeX Warning: There were undefined references.

Package atveryend Info: Empty hook `AtVeryVeryEnd' on input line 504.
 ) 
Here is how much of TeX's memory you used:
 15036 strings out of 480608
 273575 string characters out of 5903630
 531570 words of memory out of 5000000
 30509 multiletter control sequences out of 15000+600000
 556362 words of font info for 70 fonts, out of 8000000 for 9000
 1141 hyphenation exceptions out of 8191
 48i,8n,77p,960b,862s stack positions out of 5000i,500n,10000p,200000b,80000s
{/usr/local/texlive/2020/texmf-dist/fonts/enc/dvips/base/8r.enc}</usr/local/t
exlive/2020/texmf-dist/fonts/type1/public/amsfonts/cm/cmmi10.pfb></usr/local/te
xlive/2020/texmf-dist/fonts/type1/public/amsfonts/cm/cmr10.pfb></usr/local/texl
ive/2020/texmf-dist/fonts/type1/public/amsfonts/cm/cmr8.pfb></usr/local/texlive
/2020/texmf-dist/fonts/type1/public/amsfonts/cm/cmsy8.pfb></usr/local/texlive/2
020/texmf-dist/fonts/type1/public/amsfonts/cm/cmtt10.pfb></usr/local/texlive/20
20/texmf-dist/fonts/type1/urw/helvetic/uhvb8a.pfb></usr/local/texlive/2020/texm
f-dist/fonts/type1/urw/helvetic/uhvr8a.pfb></usr/local/texlive/2020/texmf-dist/
fonts/type1/urw/helvetic/uhvro8a.pfb>
Output written on Report.pdf (34 pages, 21099661 bytes).
PDF statistics:
 498 PDF objects out of 1000 (max. 8388607)
 388 compressed objects within 4 object streams
 109 named destinations out of 1000 (max. 500000)
 313 words of extra memory for PDF output out of 10000 (max. 10000000)

