\BOOKMARK [0][-]{chapter.1}{Introduction}{}% 1
\BOOKMARK [1][-]{section.1.1}{Literature Review}{chapter.1}% 2
\BOOKMARK [0][-]{chapter.2}{Chamber Design}{}% 3
\BOOKMARK [1][-]{section.2.1}{Introduction}{chapter.2}% 4
\BOOKMARK [1][-]{section.2.2}{Physical Specification}{chapter.2}% 5
\BOOKMARK [1][-]{section.2.3}{Initial Mechanical Designs}{chapter.2}% 6
\BOOKMARK [1][-]{section.2.4}{Final Container Models}{chapter.2}% 7
\BOOKMARK [1][-]{section.2.5}{Electrical Specification}{chapter.2}% 8
\BOOKMARK [1][-]{section.2.6}{Electrical Design}{chapter.2}% 9
\BOOKMARK [1][-]{section.2.7}{Code Planning}{chapter.2}% 10
\BOOKMARK [0][-]{chapter.3}{Manufacturing}{}% 11
\BOOKMARK [1][-]{section.3.1}{Introduction}{chapter.3}% 12
\BOOKMARK [1][-]{section.3.2}{Chamber Manufacturing}{chapter.3}% 13
\BOOKMARK [1][-]{section.3.3}{PCB Manufacturing}{chapter.3}% 14
\BOOKMARK [1][-]{section.3.4}{Code Development}{chapter.3}% 15
\BOOKMARK [0][-]{chapter.4}{Testing}{}% 16
\BOOKMARK [1][-]{section.4.1}{Introduction}{chapter.4}% 17
\BOOKMARK [1][-]{section.4.2}{Electrical Testing}{chapter.4}% 18
\BOOKMARK [1][-]{section.4.3}{Integration Testing}{chapter.4}% 19
\BOOKMARK [1][-]{section.4.4}{Leak Testing}{chapter.4}% 20
\BOOKMARK [1][-]{section.4.5}{Overall test}{chapter.4}% 21
\BOOKMARK [0][-]{chapter.5}{Conclusion}{}% 22
